0 info it worked if it ends with ok
1 verbose cli [ 'node',
1 verbose cli   '/Users/cultofmetatron/.nvm/v0.10.31/bin/npm',
1 verbose cli   'install',
1 verbose cli   '-g',
1 verbose cli   'livereload' ]
2 info using npm@2.0.0
3 info using node@v0.10.31
4 verbose cache add [ 'livereload', null ]
5 verbose cache add spec="livereload" args=["livereload",null]
6 verbose parsed spec { raw: 'livereload',
6 verbose parsed spec   scope: null,
6 verbose parsed spec   name: 'livereload',
6 verbose parsed spec   rawSpec: '',
6 verbose parsed spec   spec: '*',
6 verbose parsed spec   type: 'range' }
7 verbose parsed spec { raw: 'livereload',
7 verbose parsed spec   scope: null,
7 verbose parsed spec   name: 'livereload',
7 verbose parsed spec   rawSpec: '',
7 verbose parsed spec   spec: '*',
7 verbose parsed spec   type: 'range' }
8 verbose addNamed [ 'livereload', '*' ]
9 verbose addNamed [ null, '*' ]
10 silly lockFile f3212214-livereload livereload@*
11 verbose lock livereload@* /Users/cultofmetatron/.npm/f3212214-livereload.lock
12 silly addNameRange { name: 'livereload', range: '*', hasData: false }
13 verbose mapToRegistry name livereload
14 verbose mapToRegistry uri https://registry.npmjs.org/livereload
15 silly addNameRange number 2 { name: 'livereload', range: '*', hasData: true }
16 silly addNameRange versions [ 'livereload', [ '0.3.4' ] ]
17 verbose addNamed [ 'livereload', '0.3.4' ]
18 verbose addNamed [ '0.3.4', '0.3.4' ]
19 silly lockFile 4e450db1-livereload-0-3-4 livereload@0.3.4
20 verbose lock livereload@0.3.4 /Users/cultofmetatron/.npm/4e450db1-livereload-0-3-4.lock
21 silly lockFile f240f446--livereload-livereload-0-3-4-tgz https://registry.npmjs.org/livereload/-/livereload-0.3.4.tgz
22 verbose lock https://registry.npmjs.org/livereload/-/livereload-0.3.4.tgz /Users/cultofmetatron/.npm/f240f446--livereload-livereload-0-3-4-tgz.lock
23 verbose addRemoteTarball [ 'https://registry.npmjs.org/livereload/-/livereload-0.3.4.tgz',
23 verbose addRemoteTarball   '33a920d5c01fc681c3e8b53398bfb7ab94ab06dc' ]
24 info retry fetch attempt 1 at 22:29:17
25 silly fetchAndShaCheck shasum 33a920d5c01fc681c3e8b53398bfb7ab94ab06dc
26 silly lockFile f240f446--livereload-livereload-0-3-4-tgz https://registry.npmjs.org/livereload/-/livereload-0.3.4.tgz
27 silly lockFile f240f446--livereload-livereload-0-3-4-tgz https://registry.npmjs.org/livereload/-/livereload-0.3.4.tgz
28 silly lockFile 4e450db1-livereload-0-3-4 livereload@0.3.4
29 silly lockFile 4e450db1-livereload-0-3-4 livereload@0.3.4
30 silly lockFile f3212214-livereload livereload@*
31 silly lockFile f3212214-livereload livereload@*
32 silly resolved [ { name: 'livereload',
32 silly resolved     description: 'LiveReload server',
32 silly resolved     version: '0.3.4',
32 silly resolved     contributors: [ [Object] ],
32 silly resolved     licenses: [ [Object] ],
32 silly resolved     repository:
32 silly resolved      { type: 'git',
32 silly resolved        url: 'http://github.com/napcs/node-livereload.git' },
32 silly resolved     bin: { livereload: './bin/livereload.js' },
32 silly resolved     main: './lib/livereload.js',
32 silly resolved     dependencies: { opts: '>= 1.2.0', 'websocket.io': '>= 0.1.0' },
32 silly resolved     devDependencies:
32 silly resolved      { request: '>= 2.9.203',
32 silly resolved        should: '>= 0.6.3',
32 silly resolved        ws: '>= 0.4.20',
32 silly resolved        mocha: '>= 1.0.3',
32 silly resolved        'coffee-script': '>= 1.3.0' },
32 silly resolved     engines: { node: '>=0.4.0' },
32 silly resolved     scripts: { test: 'mocha' },
32 silly resolved     bugs: { url: 'https://github.com/napcs/node-livereload/issues' },
32 silly resolved     homepage: 'https://github.com/napcs/node-livereload',
32 silly resolved     _id: 'livereload@0.3.4',
32 silly resolved     _shasum: '33a920d5c01fc681c3e8b53398bfb7ab94ab06dc',
32 silly resolved     _from: 'livereload@*',
32 silly resolved     _npmVersion: '1.4.10',
32 silly resolved     _npmUser: { name: 'bphogan', email: 'brianhogan@napcs.com' },
32 silly resolved     maintainers: [ [Object] ],
32 silly resolved     dist:
32 silly resolved      { shasum: '33a920d5c01fc681c3e8b53398bfb7ab94ab06dc',
32 silly resolved        tarball: 'http://registry.npmjs.org/livereload/-/livereload-0.3.4.tgz' },
32 silly resolved     directories: {},
32 silly resolved     _resolved: 'https://registry.npmjs.org/livereload/-/livereload-0.3.4.tgz' } ]
33 info install livereload@0.3.4 into /Users/cultofmetatron/.nvm/v0.10.31/lib
34 info installOne livereload@0.3.4
35 verbose lib/node_modules/livereload unbuild
36 verbose gentlyRm vacuuming /Users/cultofmetatron/.nvm/v0.10.31/lib/node_modules/livereload
37 verbose tar unpack /Users/cultofmetatron/.npm/livereload/0.3.4/package.tgz
38 silly lockFile f115a05a-0-31-lib-node-modules-livereload tar:///Users/cultofmetatron/.nvm/v0.10.31/lib/node_modules/livereload
39 verbose lock tar:///Users/cultofmetatron/.nvm/v0.10.31/lib/node_modules/livereload /Users/cultofmetatron/.npm/f115a05a-0-31-lib-node-modules-livereload.lock
40 silly lockFile cb579fec-npm-livereload-0-3-4-package-tgz tar:///Users/cultofmetatron/.npm/livereload/0.3.4/package.tgz
41 verbose lock tar:///Users/cultofmetatron/.npm/livereload/0.3.4/package.tgz /Users/cultofmetatron/.npm/cb579fec-npm-livereload-0-3-4-package-tgz.lock
42 verbose gentlyRm vacuuming /Users/cultofmetatron/.nvm/v0.10.31/lib/node_modules/livereload
43 silly gunzTarPerm modes [ '755', '644' ]
44 silly gunzTarPerm extractEntry package.json
45 silly gunzTarPerm extractEntry .npmignore
46 silly gunzTarPerm extractEntry README.md
47 silly gunzTarPerm extractEntry LICENSE
48 silly gunzTarPerm extractEntry Cakefile
49 silly gunzTarPerm extractEntry bin/livereload.js
50 silly gunzTarPerm extractEntry ext/livereload.js
51 silly gunzTarPerm extractEntry lib/command.js
52 silly gunzTarPerm extractEntry lib/livereload.js
53 silly gunzTarPerm extractEntry lib/command.coffee
54 silly gunzTarPerm extractEntry lib/livereload.coffee
55 silly gunzTarPerm extractEntry test/index.test.coffee
56 silly gunzTarPerm extractEntry test/mocha.opts
57 silly lockFile f115a05a-0-31-lib-node-modules-livereload tar:///Users/cultofmetatron/.nvm/v0.10.31/lib/node_modules/livereload
58 silly lockFile f115a05a-0-31-lib-node-modules-livereload tar:///Users/cultofmetatron/.nvm/v0.10.31/lib/node_modules/livereload
59 silly lockFile cb579fec-npm-livereload-0-3-4-package-tgz tar:///Users/cultofmetatron/.npm/livereload/0.3.4/package.tgz
60 silly lockFile cb579fec-npm-livereload-0-3-4-package-tgz tar:///Users/cultofmetatron/.npm/livereload/0.3.4/package.tgz
61 info preinstall livereload@0.3.4
62 verbose readDependencies using package.json deps
63 verbose readDependencies using package.json deps
64 verbose cache add [ 'opts@>= 1.2.0', null ]
65 verbose cache add spec="opts@>= 1.2.0" args=["opts@>= 1.2.0",null]
66 verbose parsed spec { raw: 'opts@>= 1.2.0',
66 verbose parsed spec   scope: null,
66 verbose parsed spec   name: 'opts',
66 verbose parsed spec   rawSpec: '>= 1.2.0',
66 verbose parsed spec   spec: '>=1.2.0',
66 verbose parsed spec   type: 'range' }
67 verbose cache add [ 'websocket.io@>= 0.1.0', null ]
68 verbose cache add spec="websocket.io@>= 0.1.0" args=["websocket.io@>= 0.1.0",null]
69 verbose parsed spec { raw: 'websocket.io@>= 0.1.0',
69 verbose parsed spec   scope: null,
69 verbose parsed spec   name: 'websocket.io',
69 verbose parsed spec   rawSpec: '>= 0.1.0',
69 verbose parsed spec   spec: '>=0.1.0',
69 verbose parsed spec   type: 'range' }
70 verbose parsed spec { raw: 'opts@>= 1.2.0',
70 verbose parsed spec   scope: null,
70 verbose parsed spec   name: 'opts',
70 verbose parsed spec   rawSpec: '>= 1.2.0',
70 verbose parsed spec   spec: '>=1.2.0',
70 verbose parsed spec   type: 'range' }
71 verbose addNamed [ 'opts', '>=1.2.0' ]
72 verbose addNamed [ null, '>=1.2.0' ]
73 silly lockFile d50a14af-opts-1-2-0 opts@>=1.2.0
74 verbose lock opts@>=1.2.0 /Users/cultofmetatron/.npm/d50a14af-opts-1-2-0.lock
75 verbose parsed spec { raw: 'websocket.io@>= 0.1.0',
75 verbose parsed spec   scope: null,
75 verbose parsed spec   name: 'websocket.io',
75 verbose parsed spec   rawSpec: '>= 0.1.0',
75 verbose parsed spec   spec: '>=0.1.0',
75 verbose parsed spec   type: 'range' }
76 verbose addNamed [ 'websocket.io', '>=0.1.0' ]
77 verbose addNamed [ null, '>=0.1.0' ]
78 silly lockFile 1c60f1e3-websocket-io-0-1-0 websocket.io@>=0.1.0
79 verbose lock websocket.io@>=0.1.0 /Users/cultofmetatron/.npm/1c60f1e3-websocket-io-0-1-0.lock
80 silly addNameRange { name: 'opts', range: '>=1.2.0', hasData: false }
81 verbose mapToRegistry name opts
82 verbose mapToRegistry uri https://registry.npmjs.org/opts
83 silly addNameRange { name: 'websocket.io', range: '>=0.1.0', hasData: false }
84 verbose mapToRegistry name websocket.io
85 verbose mapToRegistry uri https://registry.npmjs.org/websocket.io
86 silly addNameRange number 2 { name: 'opts', range: '>=1.2.0', hasData: true }
87 silly addNameRange versions [ 'opts', [ '1.2.0', '1.2.1', '1.2.2' ] ]
88 verbose addNamed [ 'opts', '1.2.2' ]
89 verbose addNamed [ '1.2.2', '1.2.2' ]
90 silly lockFile 77573fd5-opts-1-2-2 opts@1.2.2
91 verbose lock opts@1.2.2 /Users/cultofmetatron/.npm/77573fd5-opts-1-2-2.lock
92 silly lockFile 4685e961-ry-npmjs-org-opts-opts-1-2-2-tgz https://registry.npmjs.org/opts/-/opts-1.2.2.tgz
93 verbose lock https://registry.npmjs.org/opts/-/opts-1.2.2.tgz /Users/cultofmetatron/.npm/4685e961-ry-npmjs-org-opts-opts-1-2-2-tgz.lock
94 verbose addRemoteTarball [ 'https://registry.npmjs.org/opts/-/opts-1.2.2.tgz',
94 verbose addRemoteTarball   '81782b93014a1cd88d56c226643fd4282473853d' ]
95 info retry fetch attempt 1 at 22:29:18
96 silly fetchAndShaCheck shasum 81782b93014a1cd88d56c226643fd4282473853d
97 silly lockFile 4685e961-ry-npmjs-org-opts-opts-1-2-2-tgz https://registry.npmjs.org/opts/-/opts-1.2.2.tgz
98 silly lockFile 4685e961-ry-npmjs-org-opts-opts-1-2-2-tgz https://registry.npmjs.org/opts/-/opts-1.2.2.tgz
99 silly lockFile 77573fd5-opts-1-2-2 opts@1.2.2
100 silly lockFile 77573fd5-opts-1-2-2 opts@1.2.2
101 silly lockFile d50a14af-opts-1-2-0 opts@>=1.2.0
102 silly lockFile d50a14af-opts-1-2-0 opts@>=1.2.0
103 silly addNameRange number 2 { name: 'websocket.io', range: '>=0.1.0', hasData: true }
104 silly addNameRange versions [ 'websocket.io',
104 silly addNameRange   [ '0.1.1', '0.1.2', '0.1.4', '0.1.5', '0.1.6', '0.2.0', '0.2.1' ] ]
105 verbose addNamed [ 'websocket.io', '0.2.1' ]
106 verbose addNamed [ '0.2.1', '0.2.1' ]
107 silly lockFile e9bc50d8-websocket-io-0-2-1 websocket.io@0.2.1
108 verbose lock websocket.io@0.2.1 /Users/cultofmetatron/.npm/e9bc50d8-websocket-io-0-2-1.lock
109 silly lockFile efb5c65b-socket-io-websocket-io-0-2-1-tgz https://registry.npmjs.org/websocket.io/-/websocket.io-0.2.1.tgz
110 verbose lock https://registry.npmjs.org/websocket.io/-/websocket.io-0.2.1.tgz /Users/cultofmetatron/.npm/efb5c65b-socket-io-websocket-io-0-2-1-tgz.lock
111 verbose addRemoteTarball [ 'https://registry.npmjs.org/websocket.io/-/websocket.io-0.2.1.tgz',
111 verbose addRemoteTarball   '79eaf174b91ecfa4fbf14ffe268871c052e47d2a' ]
112 info retry fetch attempt 1 at 22:29:18
113 silly fetchAndShaCheck shasum 79eaf174b91ecfa4fbf14ffe268871c052e47d2a
114 silly lockFile efb5c65b-socket-io-websocket-io-0-2-1-tgz https://registry.npmjs.org/websocket.io/-/websocket.io-0.2.1.tgz
115 silly lockFile efb5c65b-socket-io-websocket-io-0-2-1-tgz https://registry.npmjs.org/websocket.io/-/websocket.io-0.2.1.tgz
116 silly lockFile e9bc50d8-websocket-io-0-2-1 websocket.io@0.2.1
117 silly lockFile e9bc50d8-websocket-io-0-2-1 websocket.io@0.2.1
118 silly lockFile 1c60f1e3-websocket-io-0-1-0 websocket.io@>=0.1.0
119 silly lockFile 1c60f1e3-websocket-io-0-1-0 websocket.io@>=0.1.0
120 silly resolved [ { name: 'opts',
120 silly resolved     version: '1.2.2',
120 silly resolved     description: 'Command line argument parser written in the style of commonjs. To be used with node.js',
120 silly resolved     author:
120 silly resolved      { name: 'Joey Mazzarelli',
120 silly resolved        email: 'mazzarelli@gmail.com',
120 silly resolved        url: 'http://joey.mazzarelli.com' },
120 silly resolved     main: 'js/opts',
120 silly resolved     engines: { node: '>=0.1.90' },
120 silly resolved     _npmUser: { name: 'mazzarelli', email: 'mazzarelli@gmail.com' },
120 silly resolved     _id: 'opts@1.2.2',
120 silly resolved     dependencies: {},
120 silly resolved     devDependencies: {},
120 silly resolved     optionalDependencies: {},
120 silly resolved     _engineSupported: true,
120 silly resolved     _npmVersion: '1.1.0-2',
120 silly resolved     _nodeVersion: 'v0.6.2',
120 silly resolved     _defaultsLoaded: true,
120 silly resolved     dist:
120 silly resolved      { shasum: '81782b93014a1cd88d56c226643fd4282473853d',
120 silly resolved        tarball: 'http://registry.npmjs.org/opts/-/opts-1.2.2.tgz' },
120 silly resolved     maintainers: [ [Object] ],
120 silly resolved     directories: {},
120 silly resolved     _shasum: '81782b93014a1cd88d56c226643fd4282473853d',
120 silly resolved     _from: 'opts@>=1.2.0',
120 silly resolved     _resolved: 'https://registry.npmjs.org/opts/-/opts-1.2.2.tgz' },
120 silly resolved   { name: 'websocket.io',
120 silly resolved     description: 'Socket.IO websocket server',
120 silly resolved     version: '0.2.1',
120 silly resolved     contributors: [ [Object], [Object], [Object], [Object], [Object] ],
120 silly resolved     dependencies: { debug: '*', ws: '0.4.20' },
120 silly resolved     devDependencies: { mocha: '*', should: '*', colors: '*', benchmark: '0.2.2' },
120 silly resolved     main: 'lib/websocket.io',
120 silly resolved     engines: { node: '>=0.4.0' },
120 silly resolved     scripts: { test: 'make test' },
120 silly resolved     _npmUser: { name: 'rauchg', email: 'rauchg@gmail.com' },
120 silly resolved     _id: 'websocket.io@0.2.1',
120 silly resolved     optionalDependencies: {},
120 silly resolved     _engineSupported: true,
120 silly resolved     _npmVersion: '1.1.24',
120 silly resolved     _nodeVersion: 'v0.8.0',
120 silly resolved     _defaultsLoaded: true,
120 silly resolved     dist:
120 silly resolved      { shasum: '79eaf174b91ecfa4fbf14ffe268871c052e47d2a',
120 silly resolved        tarball: 'http://registry.npmjs.org/websocket.io/-/websocket.io-0.2.1.tgz' },
120 silly resolved     maintainers: [ [Object] ],
120 silly resolved     directories: {},
120 silly resolved     _shasum: '79eaf174b91ecfa4fbf14ffe268871c052e47d2a',
120 silly resolved     _from: 'websocket.io@>=0.1.0',
120 silly resolved     _resolved: 'https://registry.npmjs.org/websocket.io/-/websocket.io-0.2.1.tgz' } ]
121 info install opts@1.2.2 into /Users/cultofmetatron/.nvm/v0.10.31/lib/node_modules/livereload
122 info install websocket.io@0.2.1 into /Users/cultofmetatron/.nvm/v0.10.31/lib/node_modules/livereload
123 info installOne opts@1.2.2
124 info installOne websocket.io@0.2.1
125 verbose lib/node_modules/livereload/node_modules/opts unbuild
126 verbose lib/node_modules/livereload/node_modules/websocket.io unbuild
127 verbose gentlyRm vacuuming /Users/cultofmetatron/.nvm/v0.10.31/lib/node_modules/livereload/node_modules/opts
128 verbose tar unpack /Users/cultofmetatron/.npm/opts/1.2.2/package.tgz
129 silly lockFile 72450eaf-les-livereload-node-modules-opts tar:///Users/cultofmetatron/.nvm/v0.10.31/lib/node_modules/livereload/node_modules/opts
130 verbose lock tar:///Users/cultofmetatron/.nvm/v0.10.31/lib/node_modules/livereload/node_modules/opts /Users/cultofmetatron/.npm/72450eaf-les-livereload-node-modules-opts.lock
131 silly lockFile bc493f09-atron-npm-opts-1-2-2-package-tgz tar:///Users/cultofmetatron/.npm/opts/1.2.2/package.tgz
132 verbose lock tar:///Users/cultofmetatron/.npm/opts/1.2.2/package.tgz /Users/cultofmetatron/.npm/bc493f09-atron-npm-opts-1-2-2-package-tgz.lock
133 verbose gentlyRm vacuuming /Users/cultofmetatron/.nvm/v0.10.31/lib/node_modules/livereload/node_modules/websocket.io
134 verbose tar unpack /Users/cultofmetatron/.npm/websocket.io/0.2.1/package.tgz
135 silly lockFile 63659dce-reload-node-modules-websocket-io tar:///Users/cultofmetatron/.nvm/v0.10.31/lib/node_modules/livereload/node_modules/websocket.io
136 verbose lock tar:///Users/cultofmetatron/.nvm/v0.10.31/lib/node_modules/livereload/node_modules/websocket.io /Users/cultofmetatron/.npm/63659dce-reload-node-modules-websocket-io.lock
137 silly lockFile 0a531cd9-m-websocket-io-0-2-1-package-tgz tar:///Users/cultofmetatron/.npm/websocket.io/0.2.1/package.tgz
138 verbose lock tar:///Users/cultofmetatron/.npm/websocket.io/0.2.1/package.tgz /Users/cultofmetatron/.npm/0a531cd9-m-websocket-io-0-2-1-package-tgz.lock
139 verbose gentlyRm vacuuming /Users/cultofmetatron/.nvm/v0.10.31/lib/node_modules/livereload/node_modules/opts
140 silly gunzTarPerm modes [ '755', '644' ]
141 verbose gentlyRm vacuuming /Users/cultofmetatron/.nvm/v0.10.31/lib/node_modules/livereload/node_modules/websocket.io
142 silly gunzTarPerm modes [ '755', '644' ]
143 silly gunzTarPerm extractEntry package.json
144 silly gunzTarPerm extractEntry package.json
145 silly gunzTarPerm extractEntry examples/
146 silly gunzTarPerm extractEntry examples/example3.js
147 silly gunzTarPerm extractEntry .npmignore
148 silly gunzTarPerm extractEntry README.md
149 silly gunzTarPerm extractEntry examples/example2.js
150 silly gunzTarPerm extractEntry examples/example4.js
151 silly gunzTarPerm extractEntry examples/example1.js
152 silly gunzTarPerm extractEntry index.js
153 silly gunzTarPerm extractEntry .travis.yml
154 silly gunzTarPerm extractEntry .hgtags
155 silly gunzTarPerm extractEntry js/
156 silly gunzTarPerm extractEntry js/opts.js
157 silly gunzTarPerm extractEntry .hgignore
158 silly gunzTarPerm extractEntry LICENSE
159 silly gunzTarPerm extractEntry README
160 silly gunzTarPerm extractEntry examples/echo/server.js
161 silly gunzTarPerm extractEntry History.md
162 silly gunzTarPerm extractEntry lib/server.js
163 silly gunzTarPerm extractEntry lib/socket.js
164 silly gunzTarPerm extractEntry lib/util.js
165 silly gunzTarPerm extractEntry lib/websocket.io.js
166 silly gunzTarPerm extractEntry lib/protocols/drafts.js
167 silly gunzTarPerm extractEntry lib/protocols/hybi.js
168 silly gunzTarPerm extractEntry lib/protocols/index.js
169 silly gunzTarPerm extractEntry Makefile
170 silly gunzTarPerm extractEntry test/common.js
171 silly gunzTarPerm extractEntry test/server.js
172 silly gunzTarPerm extractEntry test/websocket.io.js
173 silly lockFile 72450eaf-les-livereload-node-modules-opts tar:///Users/cultofmetatron/.nvm/v0.10.31/lib/node_modules/livereload/node_modules/opts
174 silly lockFile 72450eaf-les-livereload-node-modules-opts tar:///Users/cultofmetatron/.nvm/v0.10.31/lib/node_modules/livereload/node_modules/opts
175 silly lockFile bc493f09-atron-npm-opts-1-2-2-package-tgz tar:///Users/cultofmetatron/.npm/opts/1.2.2/package.tgz
176 silly lockFile bc493f09-atron-npm-opts-1-2-2-package-tgz tar:///Users/cultofmetatron/.npm/opts/1.2.2/package.tgz
177 info preinstall opts@1.2.2
178 verbose readDependencies using package.json deps
179 verbose readDependencies using package.json deps
180 silly resolved []
181 verbose about to build /Users/cultofmetatron/.nvm/v0.10.31/lib/node_modules/livereload/node_modules/opts
182 info build /Users/cultofmetatron/.nvm/v0.10.31/lib/node_modules/livereload/node_modules/opts
183 verbose linkStuff [ true,
183 verbose linkStuff   '/Users/cultofmetatron/.nvm/v0.10.31/lib/node_modules',
183 verbose linkStuff   false,
183 verbose linkStuff   '/Users/cultofmetatron/.nvm/v0.10.31/lib/node_modules/livereload/node_modules' ]
184 info linkStuff opts@1.2.2
185 verbose linkBins opts@1.2.2
186 verbose linkMans opts@1.2.2
187 verbose rebuildBundles opts@1.2.2
188 info install opts@1.2.2
189 info postinstall opts@1.2.2
190 silly lockFile 63659dce-reload-node-modules-websocket-io tar:///Users/cultofmetatron/.nvm/v0.10.31/lib/node_modules/livereload/node_modules/websocket.io
191 silly lockFile 63659dce-reload-node-modules-websocket-io tar:///Users/cultofmetatron/.nvm/v0.10.31/lib/node_modules/livereload/node_modules/websocket.io
192 silly lockFile 0a531cd9-m-websocket-io-0-2-1-package-tgz tar:///Users/cultofmetatron/.npm/websocket.io/0.2.1/package.tgz
193 silly lockFile 0a531cd9-m-websocket-io-0-2-1-package-tgz tar:///Users/cultofmetatron/.npm/websocket.io/0.2.1/package.tgz
194 info preinstall websocket.io@0.2.1
195 verbose readDependencies using package.json deps
196 verbose readDependencies using package.json deps
197 verbose cache add [ 'debug@*', null ]
198 verbose cache add spec="debug@*" args=["debug@*",null]
199 verbose parsed spec { raw: 'debug@*',
199 verbose parsed spec   scope: null,
199 verbose parsed spec   name: 'debug',
199 verbose parsed spec   rawSpec: '*',
199 verbose parsed spec   spec: '*',
199 verbose parsed spec   type: 'range' }
200 verbose cache add [ 'ws@0.4.20', null ]
201 verbose cache add spec="ws@0.4.20" args=["ws@0.4.20",null]
202 verbose parsed spec { raw: 'ws@0.4.20',
202 verbose parsed spec   scope: null,
202 verbose parsed spec   name: 'ws',
202 verbose parsed spec   rawSpec: '0.4.20',
202 verbose parsed spec   spec: '0.4.20',
202 verbose parsed spec   type: 'version' }
203 verbose parsed spec { raw: 'debug@*',
203 verbose parsed spec   scope: null,
203 verbose parsed spec   name: 'debug',
203 verbose parsed spec   rawSpec: '*',
203 verbose parsed spec   spec: '*',
203 verbose parsed spec   type: 'range' }
204 verbose addNamed [ 'debug', '*' ]
205 verbose addNamed [ null, '*' ]
206 silly lockFile 3ac45eff-debug debug@*
207 verbose lock debug@* /Users/cultofmetatron/.npm/3ac45eff-debug.lock
208 verbose parsed spec { raw: 'ws@0.4.20',
208 verbose parsed spec   scope: null,
208 verbose parsed spec   name: 'ws',
208 verbose parsed spec   rawSpec: '0.4.20',
208 verbose parsed spec   spec: '0.4.20',
208 verbose parsed spec   type: 'version' }
209 verbose addNamed [ 'ws', '0.4.20' ]
210 verbose addNamed [ '0.4.20', '0.4.20' ]
211 silly lockFile c8009c2d-ws-0-4-20 ws@0.4.20
212 verbose lock ws@0.4.20 /Users/cultofmetatron/.npm/c8009c2d-ws-0-4-20.lock
213 silly addNameRange { name: 'debug', range: '*', hasData: false }
214 verbose mapToRegistry name debug
215 verbose mapToRegistry uri https://registry.npmjs.org/debug
216 verbose mapToRegistry name ws
217 verbose mapToRegistry uri https://registry.npmjs.org/ws
218 silly addNameRange number 2 { name: 'debug', range: '*', hasData: true }
219 silly addNameRange versions [ 'debug',
219 silly addNameRange   [ '0.0.1',
219 silly addNameRange     '0.1.0',
219 silly addNameRange     '0.2.0',
219 silly addNameRange     '0.3.0',
219 silly addNameRange     '0.4.0',
219 silly addNameRange     '0.4.1',
219 silly addNameRange     '0.5.0',
219 silly addNameRange     '0.6.0',
219 silly addNameRange     '0.7.0',
219 silly addNameRange     '0.7.1',
219 silly addNameRange     '0.7.2',
219 silly addNameRange     '0.7.3',
219 silly addNameRange     '0.7.4',
219 silly addNameRange     '0.8.0',
219 silly addNameRange     '0.8.1',
219 silly addNameRange     '1.0.0',
219 silly addNameRange     '1.0.1',
219 silly addNameRange     '1.0.2',
219 silly addNameRange     '1.0.3',
219 silly addNameRange     '1.0.4',
219 silly addNameRange     '2.0.0' ] ]
220 verbose addNamed [ 'debug', '2.0.0' ]
221 verbose addNamed [ '2.0.0', '2.0.0' ]
222 silly lockFile 095bd820-debug-2-0-0 debug@2.0.0
223 verbose lock debug@2.0.0 /Users/cultofmetatron/.npm/095bd820-debug-2-0-0.lock
224 silly lockFile 095bd820-debug-2-0-0 debug@2.0.0
225 silly lockFile 095bd820-debug-2-0-0 debug@2.0.0
226 silly lockFile 3ac45eff-debug debug@*
227 silly lockFile 3ac45eff-debug debug@*
228 silly lockFile e9c64d08-istry-npmjs-org-ws-ws-0-4-20-tgz https://registry.npmjs.org/ws/-/ws-0.4.20.tgz
229 verbose lock https://registry.npmjs.org/ws/-/ws-0.4.20.tgz /Users/cultofmetatron/.npm/e9c64d08-istry-npmjs-org-ws-ws-0-4-20-tgz.lock
230 verbose addRemoteTarball [ 'https://registry.npmjs.org/ws/-/ws-0.4.20.tgz',
230 verbose addRemoteTarball   'f44b63f46b9edfc457309c720bcc0f83f2fc5874' ]
231 info retry fetch attempt 1 at 22:29:19
232 silly fetchAndShaCheck shasum f44b63f46b9edfc457309c720bcc0f83f2fc5874
233 silly lockFile e9c64d08-istry-npmjs-org-ws-ws-0-4-20-tgz https://registry.npmjs.org/ws/-/ws-0.4.20.tgz
234 silly lockFile e9c64d08-istry-npmjs-org-ws-ws-0-4-20-tgz https://registry.npmjs.org/ws/-/ws-0.4.20.tgz
235 silly lockFile c8009c2d-ws-0-4-20 ws@0.4.20
236 silly lockFile c8009c2d-ws-0-4-20 ws@0.4.20
237 silly resolved [ { name: 'debug',
237 silly resolved     version: '2.0.0',
237 silly resolved     repository: { type: 'git', url: 'git://github.com/visionmedia/debug.git' },
237 silly resolved     description: 'small debugging utility',
237 silly resolved     keywords: [ 'debug', 'log', 'debugger' ],
237 silly resolved     author: { name: 'TJ Holowaychuk', email: 'tj@vision-media.ca' },
237 silly resolved     contributors: [ [Object] ],
237 silly resolved     dependencies: { ms: '0.6.2' },
237 silly resolved     devDependencies: { browserify: '5.11.0', mocha: '*' },
237 silly resolved     main: './node.js',
237 silly resolved     browser: './browser.js',
237 silly resolved     component: { scripts: [Object] },
237 silly resolved     gitHead: 'c61ae82bde19c6fdedfc6684817ff7eb541ff029',
237 silly resolved     bugs: { url: 'https://github.com/visionmedia/debug/issues' },
237 silly resolved     homepage: 'https://github.com/visionmedia/debug',
237 silly resolved     _id: 'debug@2.0.0',
237 silly resolved     scripts: {},
237 silly resolved     _shasum: '89bd9df6732b51256bc6705342bba02ed12131ef',
237 silly resolved     _from: 'debug@*',
237 silly resolved     _npmVersion: '1.4.21',
237 silly resolved     _npmUser: { name: 'tootallnate', email: 'nathan@tootallnate.net' },
237 silly resolved     maintainers: [ [Object], [Object] ],
237 silly resolved     dist:
237 silly resolved      { shasum: '89bd9df6732b51256bc6705342bba02ed12131ef',
237 silly resolved        tarball: 'http://registry.npmjs.org/debug/-/debug-2.0.0.tgz' },
237 silly resolved     directories: {},
237 silly resolved     _resolved: 'https://registry.npmjs.org/debug/-/debug-2.0.0.tgz',
237 silly resolved     readme: 'ERROR: No README data found!' },
237 silly resolved   { author:
237 silly resolved      { name: 'Einar Otto Stangvik',
237 silly resolved        email: 'einaros@gmail.com',
237 silly resolved        url: 'http://2x.io' },
237 silly resolved     name: 'ws',
237 silly resolved     description: 'simple to use, blazing fast and thoroughly tested websocket client, server and console for node.js, up-to-date against RFC-6455',
237 silly resolved     version: '0.4.20',
237 silly resolved     repository: { type: 'git', url: 'git://github.com/einaros/ws.git' },
237 silly resolved     bin: { wscat: './bin/wscat' },
237 silly resolved     scripts: { test: 'make test', install: 'node install.js' },
237 silly resolved     engines: { node: '>=0.4.0' },
237 silly resolved     config: { verbose: false },
237 silly resolved     dependencies: { commander: '~0.6.1', tinycolor: '0.x', options: 'latest' },
237 silly resolved     devDependencies:
237 silly resolved      { mocha: '~1.2.1',
237 silly resolved        should: '0.6.x',
237 silly resolved        'expect.js': '0.1.x',
237 silly resolved        benchmark: '0.3.x',
237 silly resolved        ansi: 'latest' },
237 silly resolved     _npmUser: { name: 'einaros', email: 'einaros@gmail.com' },
237 silly resolved     _id: 'ws@0.4.20',
237 silly resolved     optionalDependencies: {},
237 silly resolved     _engineSupported: true,
237 silly resolved     _npmVersion: '1.1.24',
237 silly resolved     _nodeVersion: 'v0.6.19',
237 silly resolved     _defaultsLoaded: true,
237 silly resolved     dist:
237 silly resolved      { shasum: 'f44b63f46b9edfc457309c720bcc0f83f2fc5874',
237 silly resolved        tarball: 'http://registry.npmjs.org/ws/-/ws-0.4.20.tgz' },
237 silly resolved     maintainers: [ [Object] ],
237 silly resolved     directories: {},
237 silly resolved     _shasum: 'f44b63f46b9edfc457309c720bcc0f83f2fc5874',
237 silly resolved     _from: 'ws@0.4.20',
237 silly resolved     _resolved: 'https://registry.npmjs.org/ws/-/ws-0.4.20.tgz' } ]
238 info install debug@2.0.0 into /Users/cultofmetatron/.nvm/v0.10.31/lib/node_modules/livereload/node_modules/websocket.io
239 info install ws@0.4.20 into /Users/cultofmetatron/.nvm/v0.10.31/lib/node_modules/livereload/node_modules/websocket.io
240 info installOne debug@2.0.0
241 info installOne ws@0.4.20
242 verbose lib/node_modules/livereload/node_modules/websocket.io/node_modules/debug unbuild
243 verbose gentlyRm vacuuming /Users/cultofmetatron/.nvm/v0.10.31/lib/node_modules/livereload/node_modules/websocket.io/node_modules/debug
244 verbose tar unpack /Users/cultofmetatron/.npm/debug/2.0.0/package.tgz
245 silly lockFile 7ca7e6fa--websocket-io-node-modules-debug tar:///Users/cultofmetatron/.nvm/v0.10.31/lib/node_modules/livereload/node_modules/websocket.io/node_modules/debug
246 verbose lock tar:///Users/cultofmetatron/.nvm/v0.10.31/lib/node_modules/livereload/node_modules/websocket.io/node_modules/debug /Users/cultofmetatron/.npm/7ca7e6fa--websocket-io-node-modules-debug.lock
247 silly lockFile 953e41e6-tron-npm-debug-2-0-0-package-tgz tar:///Users/cultofmetatron/.npm/debug/2.0.0/package.tgz
248 verbose lock tar:///Users/cultofmetatron/.npm/debug/2.0.0/package.tgz /Users/cultofmetatron/.npm/953e41e6-tron-npm-debug-2-0-0-package-tgz.lock
249 verbose lib/node_modules/livereload/node_modules/websocket.io/node_modules/ws unbuild
250 verbose gentlyRm vacuuming /Users/cultofmetatron/.nvm/v0.10.31/lib/node_modules/livereload/node_modules/websocket.io/node_modules/debug
251 silly gunzTarPerm modes [ '755', '644' ]
252 verbose gentlyRm vacuuming /Users/cultofmetatron/.nvm/v0.10.31/lib/node_modules/livereload/node_modules/websocket.io/node_modules/ws
253 verbose tar unpack /Users/cultofmetatron/.npm/ws/0.4.20/package.tgz
254 silly lockFile eff8a0a5-les-websocket-io-node-modules-ws tar:///Users/cultofmetatron/.nvm/v0.10.31/lib/node_modules/livereload/node_modules/websocket.io/node_modules/ws
255 verbose lock tar:///Users/cultofmetatron/.nvm/v0.10.31/lib/node_modules/livereload/node_modules/websocket.io/node_modules/ws /Users/cultofmetatron/.npm/eff8a0a5-les-websocket-io-node-modules-ws.lock
256 silly lockFile 788b6d4e-tatron-npm-ws-0-4-20-package-tgz tar:///Users/cultofmetatron/.npm/ws/0.4.20/package.tgz
257 verbose lock tar:///Users/cultofmetatron/.npm/ws/0.4.20/package.tgz /Users/cultofmetatron/.npm/788b6d4e-tatron-npm-ws-0-4-20-package-tgz.lock
258 verbose gentlyRm vacuuming /Users/cultofmetatron/.nvm/v0.10.31/lib/node_modules/livereload/node_modules/websocket.io/node_modules/ws
259 silly gunzTarPerm modes [ '755', '644' ]
260 silly gunzTarPerm extractEntry package.json
261 silly gunzTarPerm extractEntry .npmignore
262 silly gunzTarPerm extractEntry browser.js
263 silly gunzTarPerm extractEntry package.json
264 silly gunzTarPerm extractEntry .npmignore
265 silly gunzTarPerm extractEntry README.md
266 silly gunzTarPerm extractEntry debug.js
267 silly gunzTarPerm extractEntry node.js
268 silly gunzTarPerm extractEntry install.js
269 silly gunzTarPerm extractEntry index.js
270 silly gunzTarPerm extractEntry Readme.md
271 silly gunzTarPerm extractEntry .jshintrc
272 silly gunzTarPerm extractEntry History.md
273 silly gunzTarPerm extractEntry Makefile
274 silly gunzTarPerm extractEntry component.json
275 silly gunzTarPerm extractEntry lib/BufferPool.js
276 silly gunzTarPerm extractEntry lib/BufferUtil.js
277 silly gunzTarPerm extractEntry lib/ErrorCodes.js
278 silly gunzTarPerm extractEntry lib/Receiver.hixie.js
279 silly gunzTarPerm extractEntry lib/Receiver.js
280 silly gunzTarPerm extractEntry lib/BufferUtil.fallback.js
281 silly gunzTarPerm extractEntry lib/Sender.js
282 silly gunzTarPerm extractEntry lib/Validation.fallback.js
283 silly gunzTarPerm extractEntry lib/Validation.js
284 silly gunzTarPerm extractEntry lib/WebSocket.js
285 silly gunzTarPerm extractEntry lib/WebSocketServer.js
286 silly gunzTarPerm extractEntry lib/Sender.hixie.js
287 silly gunzTarPerm extractEntry doc/ws.md
288 silly gunzTarPerm extractEntry History.md
289 silly gunzTarPerm extractEntry .travis.yml
290 silly gunzTarPerm extractEntry binding.gyp
291 silly gunzTarPerm extractEntry examples/fileapi/package.json
292 silly gunzTarPerm extractEntry examples/fileapi/.npmignore
293 silly gunzTarPerm extractEntry examples/fileapi/server.js
294 silly gunzTarPerm extractEntry examples/fileapi/public/app.js
295 silly gunzTarPerm extractEntry examples/fileapi/public/uploader.js
296 silly gunzTarPerm extractEntry examples/fileapi/public/index.html
297 silly gunzTarPerm extractEntry examples/serverstats/package.json
298 silly gunzTarPerm extractEntry examples/serverstats/server.js
299 silly gunzTarPerm extractEntry examples/serverstats/public/index.html
300 silly gunzTarPerm extractEntry examples/serverstats-express_3/package.json
301 silly gunzTarPerm extractEntry examples/serverstats-express_3/server.js
302 silly gunzTarPerm extractEntry examples/serverstats-express_3/public/index.html
303 silly gunzTarPerm extractEntry Makefile
304 silly gunzTarPerm extractEntry bin/wscat
305 silly gunzTarPerm extractEntry bench/parser.benchmark.js
306 silly gunzTarPerm extractEntry bench/sender.benchmark.js
307 silly gunzTarPerm extractEntry bench/speed.js
308 silly gunzTarPerm extractEntry bench/util.js
309 silly gunzTarPerm extractEntry src/bufferutil.cc
310 silly gunzTarPerm extractEntry src/validation.cc
311 silly gunzTarPerm extractEntry test/autobahn-server.js
312 silly gunzTarPerm extractEntry test/WebSocket.test.js
313 silly gunzTarPerm extractEntry test/hybi-common.js
314 silly gunzTarPerm extractEntry test/Receiver.hixie.test.js
315 silly gunzTarPerm extractEntry test/BufferPool.test.js
316 silly gunzTarPerm extractEntry test/autobahn.js
317 silly gunzTarPerm extractEntry test/Sender.test.js
318 silly gunzTarPerm extractEntry test/testserver.js
319 silly gunzTarPerm extractEntry test/Validation.test.js
320 silly gunzTarPerm extractEntry test/WebSocket.integration.js
321 silly gunzTarPerm extractEntry test/Receiver.test.js
322 silly gunzTarPerm extractEntry test/WebSocketServer.test.js
323 silly gunzTarPerm extractEntry test/Sender.hixie.test.js
324 silly gunzTarPerm extractEntry test/fixtures/certificate.pem
325 silly gunzTarPerm extractEntry test/fixtures/key.pem
326 silly gunzTarPerm extractEntry test/fixtures/request.pem
327 silly gunzTarPerm extractEntry test/fixtures/textfile
328 silly lockFile 7ca7e6fa--websocket-io-node-modules-debug tar:///Users/cultofmetatron/.nvm/v0.10.31/lib/node_modules/livereload/node_modules/websocket.io/node_modules/debug
329 silly lockFile 7ca7e6fa--websocket-io-node-modules-debug tar:///Users/cultofmetatron/.nvm/v0.10.31/lib/node_modules/livereload/node_modules/websocket.io/node_modules/debug
330 silly lockFile 953e41e6-tron-npm-debug-2-0-0-package-tgz tar:///Users/cultofmetatron/.npm/debug/2.0.0/package.tgz
331 silly lockFile 953e41e6-tron-npm-debug-2-0-0-package-tgz tar:///Users/cultofmetatron/.npm/debug/2.0.0/package.tgz
332 info preinstall debug@2.0.0
333 verbose readDependencies using package.json deps
334 verbose readDependencies using package.json deps
335 verbose cache add [ 'ms@0.6.2', null ]
336 verbose cache add spec="ms@0.6.2" args=["ms@0.6.2",null]
337 verbose parsed spec { raw: 'ms@0.6.2',
337 verbose parsed spec   scope: null,
337 verbose parsed spec   name: 'ms',
337 verbose parsed spec   rawSpec: '0.6.2',
337 verbose parsed spec   spec: '0.6.2',
337 verbose parsed spec   type: 'version' }
338 verbose parsed spec { raw: 'ms@0.6.2',
338 verbose parsed spec   scope: null,
338 verbose parsed spec   name: 'ms',
338 verbose parsed spec   rawSpec: '0.6.2',
338 verbose parsed spec   spec: '0.6.2',
338 verbose parsed spec   type: 'version' }
339 verbose addNamed [ 'ms', '0.6.2' ]
340 verbose addNamed [ '0.6.2', '0.6.2' ]
341 silly lockFile 549cc243-ms-0-6-2 ms@0.6.2
342 verbose lock ms@0.6.2 /Users/cultofmetatron/.npm/549cc243-ms-0-6-2.lock
343 verbose mapToRegistry name ms
344 verbose mapToRegistry uri https://registry.npmjs.org/ms
345 silly lockFile eff8a0a5-les-websocket-io-node-modules-ws tar:///Users/cultofmetatron/.nvm/v0.10.31/lib/node_modules/livereload/node_modules/websocket.io/node_modules/ws
346 silly lockFile eff8a0a5-les-websocket-io-node-modules-ws tar:///Users/cultofmetatron/.nvm/v0.10.31/lib/node_modules/livereload/node_modules/websocket.io/node_modules/ws
347 silly lockFile 788b6d4e-tatron-npm-ws-0-4-20-package-tgz tar:///Users/cultofmetatron/.npm/ws/0.4.20/package.tgz
348 silly lockFile 788b6d4e-tatron-npm-ws-0-4-20-package-tgz tar:///Users/cultofmetatron/.npm/ws/0.4.20/package.tgz
349 info preinstall ws@0.4.20
350 verbose readDependencies using package.json deps
351 verbose readDependencies using package.json deps
352 verbose cache add [ 'commander@~0.6.1', null ]
353 verbose cache add spec="commander@~0.6.1" args=["commander@~0.6.1",null]
354 verbose parsed spec { raw: 'commander@~0.6.1',
354 verbose parsed spec   scope: null,
354 verbose parsed spec   name: 'commander',
354 verbose parsed spec   rawSpec: '~0.6.1',
354 verbose parsed spec   spec: '>=0.6.1 <0.7.0',
354 verbose parsed spec   type: 'range' }
355 verbose cache add [ 'tinycolor@0.x', null ]
356 verbose cache add spec="tinycolor@0.x" args=["tinycolor@0.x",null]
357 verbose parsed spec { raw: 'tinycolor@0.x',
357 verbose parsed spec   scope: null,
357 verbose parsed spec   name: 'tinycolor',
357 verbose parsed spec   rawSpec: '0.x',
357 verbose parsed spec   spec: '>=0.0.0 <1.0.0',
357 verbose parsed spec   type: 'range' }
358 verbose parsed spec { raw: 'commander@~0.6.1',
358 verbose parsed spec   scope: null,
358 verbose parsed spec   name: 'commander',
358 verbose parsed spec   rawSpec: '~0.6.1',
358 verbose parsed spec   spec: '>=0.6.1 <0.7.0',
358 verbose parsed spec   type: 'range' }
359 verbose addNamed [ 'commander', '>=0.6.1 <0.7.0' ]
360 verbose addNamed [ null, '>=0.6.1 <0.7.0' ]
361 silly lockFile 65c506e6-commander-0-6-1-0-7-0 commander@>=0.6.1 <0.7.0
362 verbose lock commander@>=0.6.1 <0.7.0 /Users/cultofmetatron/.npm/65c506e6-commander-0-6-1-0-7-0.lock
363 verbose parsed spec { raw: 'tinycolor@0.x',
363 verbose parsed spec   scope: null,
363 verbose parsed spec   name: 'tinycolor',
363 verbose parsed spec   rawSpec: '0.x',
363 verbose parsed spec   spec: '>=0.0.0 <1.0.0',
363 verbose parsed spec   type: 'range' }
364 verbose addNamed [ 'tinycolor', '>=0.0.0 <1.0.0' ]
365 verbose addNamed [ null, '>=0.0.0 <1.0.0' ]
366 silly lockFile b29f38ef-tinycolor-0-0-0-1-0-0 tinycolor@>=0.0.0 <1.0.0
367 verbose lock tinycolor@>=0.0.0 <1.0.0 /Users/cultofmetatron/.npm/b29f38ef-tinycolor-0-0-0-1-0-0.lock
368 verbose cache add [ 'options@latest', null ]
369 verbose cache add spec="options@latest" args=["options@latest",null]
370 verbose parsed spec { raw: 'options@latest',
370 verbose parsed spec   scope: null,
370 verbose parsed spec   name: 'options',
370 verbose parsed spec   rawSpec: 'latest',
370 verbose parsed spec   spec: 'latest',
370 verbose parsed spec   type: 'tag' }
371 verbose parsed spec { raw: 'options@latest',
371 verbose parsed spec   scope: null,
371 verbose parsed spec   name: 'options',
371 verbose parsed spec   rawSpec: 'latest',
371 verbose parsed spec   spec: 'latest',
371 verbose parsed spec   type: 'tag' }
372 verbose addNamed [ 'options', 'latest' ]
373 verbose addNamed [ null, null ]
374 silly lockFile 479efb46-options-latest options@latest
375 verbose lock options@latest /Users/cultofmetatron/.npm/479efb46-options-latest.lock
376 silly addNameRange { name: 'commander', range: '>=0.6.1 <0.7.0', hasData: false }
377 verbose mapToRegistry name commander
378 verbose mapToRegistry uri https://registry.npmjs.org/commander
379 silly addNameRange { name: 'tinycolor', range: '>=0.0.0 <1.0.0', hasData: false }
380 verbose mapToRegistry name tinycolor
381 verbose mapToRegistry uri https://registry.npmjs.org/tinycolor
382 info addNameTag [ 'options', 'latest' ]
383 verbose mapToRegistry name options
384 verbose mapToRegistry uri https://registry.npmjs.org/options
385 silly addNameRange number 2 { name: 'commander', range: '>=0.6.1 <0.7.0', hasData: true }
386 silly addNameRange versions [ 'commander',
386 silly addNameRange   [ '0.0.1',
386 silly addNameRange     '0.0.3',
386 silly addNameRange     '0.0.4',
386 silly addNameRange     '0.0.5',
386 silly addNameRange     '0.1.0',
386 silly addNameRange     '0.2.0',
386 silly addNameRange     '0.2.1',
386 silly addNameRange     '0.3.0',
386 silly addNameRange     '0.3.1',
386 silly addNameRange     '0.3.2',
386 silly addNameRange     '0.3.3',
386 silly addNameRange     '0.4.0',
386 silly addNameRange     '0.4.1',
386 silly addNameRange     '0.4.2',
386 silly addNameRange     '0.4.3',
386 silly addNameRange     '0.5.0',
386 silly addNameRange     '0.5.1',
386 silly addNameRange     '0.6.0',
386 silly addNameRange     '0.6.1',
386 silly addNameRange     '0.5.2',
386 silly addNameRange     '1.0.0',
386 silly addNameRange     '1.0.1',
386 silly addNameRange     '1.0.2',
386 silly addNameRange     '1.0.3',
386 silly addNameRange     '1.0.4',
386 silly addNameRange     '1.0.5',
386 silly addNameRange     '1.1.0',
386 silly addNameRange     '1.1.1',
386 silly addNameRange     '1.2.0',
386 silly addNameRange     '1.3.0',
386 silly addNameRange     '1.3.1',
386 silly addNameRange     '1.3.2',
386 silly addNameRange     '2.0.0',
386 silly addNameRange     '2.1.0',
386 silly addNameRange     '2.2.0',
386 silly addNameRange     '2.3.0' ] ]
387 verbose addNamed [ 'commander', '0.6.1' ]
388 verbose addNamed [ '0.6.1', '0.6.1' ]
389 silly lockFile fa16a2ce-commander-0-6-1 commander@0.6.1
390 verbose lock commander@0.6.1 /Users/cultofmetatron/.npm/fa16a2ce-commander-0-6-1.lock
391 silly addNameRange number 2 { name: 'tinycolor', range: '>=0.0.0 <1.0.0', hasData: true }
392 silly addNameRange versions [ 'tinycolor', [ '0.0.1' ] ]
393 verbose addNamed [ 'tinycolor', '0.0.1' ]
394 verbose addNamed [ '0.0.1', '0.0.1' ]
395 silly lockFile 8ace0652-tinycolor-0-0-1 tinycolor@0.0.1
396 verbose lock tinycolor@0.0.1 /Users/cultofmetatron/.npm/8ace0652-tinycolor-0-0-1.lock
397 silly lockFile fa16a2ce-commander-0-6-1 commander@0.6.1
398 silly lockFile fa16a2ce-commander-0-6-1 commander@0.6.1
399 silly lockFile 65c506e6-commander-0-6-1-0-7-0 commander@>=0.6.1 <0.7.0
400 silly lockFile 65c506e6-commander-0-6-1-0-7-0 commander@>=0.6.1 <0.7.0
401 silly lockFile 8ace0652-tinycolor-0-0-1 tinycolor@0.0.1
402 silly lockFile 8ace0652-tinycolor-0-0-1 tinycolor@0.0.1
403 verbose addNamed [ 'options', '0.0.6' ]
404 verbose addNamed [ '0.0.6', '0.0.6' ]
405 silly lockFile d4f5c414-options-0-0-6 options@0.0.6
406 verbose lock options@0.0.6 /Users/cultofmetatron/.npm/d4f5c414-options-0-0-6.lock
407 silly lockFile b29f38ef-tinycolor-0-0-0-1-0-0 tinycolor@>=0.0.0 <1.0.0
408 silly lockFile b29f38ef-tinycolor-0-0-0-1-0-0 tinycolor@>=0.0.0 <1.0.0
409 silly lockFile 05d40bdc-js-org-options-options-0-0-6-tgz https://registry.npmjs.org/options/-/options-0.0.6.tgz
410 verbose lock https://registry.npmjs.org/options/-/options-0.0.6.tgz /Users/cultofmetatron/.npm/05d40bdc-js-org-options-options-0-0-6-tgz.lock
411 verbose addRemoteTarball [ 'https://registry.npmjs.org/options/-/options-0.0.6.tgz',
411 verbose addRemoteTarball   'ec22d312806bb53e731773e7cdaefcf1c643128f' ]
412 silly lockFile 549cc243-ms-0-6-2 ms@0.6.2
413 silly lockFile 549cc243-ms-0-6-2 ms@0.6.2
414 info retry fetch attempt 1 at 22:29:20
415 silly resolved [ { name: 'ms',
415 silly resolved     version: '0.6.2',
415 silly resolved     description: 'Tiny ms conversion utility',
415 silly resolved     repository: { type: 'git', url: 'git://github.com/guille/ms.js.git' },
415 silly resolved     main: './index',
415 silly resolved     devDependencies: { mocha: '*', 'expect.js': '*', serve: '*' },
415 silly resolved     component: { scripts: [Object] },
415 silly resolved     bugs: { url: 'https://github.com/guille/ms.js/issues' },
415 silly resolved     _id: 'ms@0.6.2',
415 silly resolved     dist:
415 silly resolved      { shasum: 'd89c2124c6fdc1353d65a8b77bf1aac4b193708c',
415 silly resolved        tarball: 'http://registry.npmjs.org/ms/-/ms-0.6.2.tgz' },
415 silly resolved     _from: 'ms@0.6.2',
415 silly resolved     _npmVersion: '1.2.30',
415 silly resolved     _npmUser: { name: 'rauchg', email: 'rauchg@gmail.com' },
415 silly resolved     maintainers: [ [Object] ],
415 silly resolved     directories: {},
415 silly resolved     _shasum: 'd89c2124c6fdc1353d65a8b77bf1aac4b193708c',
415 silly resolved     _resolved: 'https://registry.npmjs.org/ms/-/ms-0.6.2.tgz',
415 silly resolved     readme: '# ms.js: miliseconds conversion utility\n\n```js\nms(\'1d\')      // 86400000\nms(\'10h\')     // 36000000\nms(\'2h\')      // 7200000\nms(\'1m\')      // 60000\nms(\'5s\')      // 5000\nms(\'100\')     // 100\n```\n\n```js\nms(60000)             // "1m"\nms(2 * 60000)         // "2m"\nms(ms(\'10 hours\'))    // "10h"\n```\n\n```js\nms(60000, { long: true })             // "1 minute"\nms(2 * 60000, { long: true })         // "2 minutes"\nms(ms(\'10 hours\', { long: true }))    // "10 hours"\n```\n\n- Node/Browser compatible. Published as `ms` in NPM.\n- If a number is supplied to `ms`, a string with a unit is returned.\n- If a string that contains the number is supplied, it returns it as\na number (e.g: it returns `100` for `\'100\'`).\n- If you pass a string with a number and a valid unit, the number of\nequivalent ms is returned.\n\n## License\n\nMIT',
415 silly resolved     readmeFilename: 'README.md',
415 silly resolved     homepage: 'https://github.com/guille/ms.js' } ]
416 info install ms@0.6.2 into /Users/cultofmetatron/.nvm/v0.10.31/lib/node_modules/livereload/node_modules/websocket.io/node_modules/debug
417 info installOne ms@0.6.2
418 verbose lib/node_modules/livereload/node_modules/websocket.io/node_modules/debug/node_modules/ms unbuild
419 verbose gentlyRm vacuuming /Users/cultofmetatron/.nvm/v0.10.31/lib/node_modules/livereload/node_modules/websocket.io/node_modules/debug/node_modules/ms
420 verbose tar unpack /Users/cultofmetatron/.npm/ms/0.6.2/package.tgz
421 silly lockFile 1f615f3c-de-modules-debug-node-modules-ms tar:///Users/cultofmetatron/.nvm/v0.10.31/lib/node_modules/livereload/node_modules/websocket.io/node_modules/debug/node_modules/ms
422 verbose lock tar:///Users/cultofmetatron/.nvm/v0.10.31/lib/node_modules/livereload/node_modules/websocket.io/node_modules/debug/node_modules/ms /Users/cultofmetatron/.npm/1f615f3c-de-modules-debug-node-modules-ms.lock
423 silly lockFile 8579543a-etatron-npm-ms-0-6-2-package-tgz tar:///Users/cultofmetatron/.npm/ms/0.6.2/package.tgz
424 verbose lock tar:///Users/cultofmetatron/.npm/ms/0.6.2/package.tgz /Users/cultofmetatron/.npm/8579543a-etatron-npm-ms-0-6-2-package-tgz.lock
425 verbose gentlyRm vacuuming /Users/cultofmetatron/.nvm/v0.10.31/lib/node_modules/livereload/node_modules/websocket.io/node_modules/debug/node_modules/ms
426 silly gunzTarPerm modes [ '755', '644' ]
427 silly gunzTarPerm extractEntry package.json
428 silly gunzTarPerm extractEntry .npmignore
429 silly gunzTarPerm extractEntry README.md
430 silly gunzTarPerm extractEntry index.js
431 silly lockFile 1f615f3c-de-modules-debug-node-modules-ms tar:///Users/cultofmetatron/.nvm/v0.10.31/lib/node_modules/livereload/node_modules/websocket.io/node_modules/debug/node_modules/ms
432 silly lockFile 1f615f3c-de-modules-debug-node-modules-ms tar:///Users/cultofmetatron/.nvm/v0.10.31/lib/node_modules/livereload/node_modules/websocket.io/node_modules/debug/node_modules/ms
433 silly lockFile 8579543a-etatron-npm-ms-0-6-2-package-tgz tar:///Users/cultofmetatron/.npm/ms/0.6.2/package.tgz
434 silly lockFile 8579543a-etatron-npm-ms-0-6-2-package-tgz tar:///Users/cultofmetatron/.npm/ms/0.6.2/package.tgz
435 info preinstall ms@0.6.2
436 verbose readDependencies using package.json deps
437 verbose readDependencies using package.json deps
438 silly resolved []
439 verbose about to build /Users/cultofmetatron/.nvm/v0.10.31/lib/node_modules/livereload/node_modules/websocket.io/node_modules/debug/node_modules/ms
440 info build /Users/cultofmetatron/.nvm/v0.10.31/lib/node_modules/livereload/node_modules/websocket.io/node_modules/debug/node_modules/ms
441 verbose linkStuff [ true,
441 verbose linkStuff   '/Users/cultofmetatron/.nvm/v0.10.31/lib/node_modules',
441 verbose linkStuff   false,
441 verbose linkStuff   '/Users/cultofmetatron/.nvm/v0.10.31/lib/node_modules/livereload/node_modules/websocket.io/node_modules/debug/node_modules' ]
442 info linkStuff ms@0.6.2
443 verbose linkBins ms@0.6.2
444 verbose linkMans ms@0.6.2
445 verbose rebuildBundles ms@0.6.2
446 info install ms@0.6.2
447 info postinstall ms@0.6.2
448 verbose about to build /Users/cultofmetatron/.nvm/v0.10.31/lib/node_modules/livereload/node_modules/websocket.io/node_modules/debug
449 info build /Users/cultofmetatron/.nvm/v0.10.31/lib/node_modules/livereload/node_modules/websocket.io/node_modules/debug
450 verbose linkStuff [ true,
450 verbose linkStuff   '/Users/cultofmetatron/.nvm/v0.10.31/lib/node_modules',
450 verbose linkStuff   false,
450 verbose linkStuff   '/Users/cultofmetatron/.nvm/v0.10.31/lib/node_modules/livereload/node_modules/websocket.io/node_modules' ]
451 info linkStuff debug@2.0.0
452 verbose linkBins debug@2.0.0
453 verbose linkMans debug@2.0.0
454 verbose rebuildBundles debug@2.0.0
455 verbose rebuildBundles [ 'ms' ]
456 info install debug@2.0.0
457 info postinstall debug@2.0.0
458 silly fetchAndShaCheck shasum ec22d312806bb53e731773e7cdaefcf1c643128f
459 silly lockFile 05d40bdc-js-org-options-options-0-0-6-tgz https://registry.npmjs.org/options/-/options-0.0.6.tgz
460 silly lockFile 05d40bdc-js-org-options-options-0-0-6-tgz https://registry.npmjs.org/options/-/options-0.0.6.tgz
461 silly lockFile d4f5c414-options-0-0-6 options@0.0.6
462 silly lockFile d4f5c414-options-0-0-6 options@0.0.6
463 silly lockFile 479efb46-options-latest options@latest
464 silly lockFile 479efb46-options-latest options@latest
465 silly resolved [ { name: 'commander',
465 silly resolved     version: '0.6.1',
465 silly resolved     description: 'the complete solution for node.js command-line programs',
465 silly resolved     keywords: [ 'command', 'option', 'parser', 'prompt', 'stdin' ],
465 silly resolved     author: { name: 'TJ Holowaychuk', email: 'tj@vision-media.ca' },
465 silly resolved     repository:
465 silly resolved      { type: 'git',
465 silly resolved        url: 'https://github.com/visionmedia/commander.js.git' },
465 silly resolved     dependencies: {},
465 silly resolved     devDependencies: { should: '>= 0.0.1' },
465 silly resolved     scripts: { test: 'make test' },
465 silly resolved     main: 'index',
465 silly resolved     engines: { node: '>= 0.4.x' },
465 silly resolved     readme: '# Commander.js\n\n  The complete solution for [node.js](http://nodejs.org) command-line interfaces, inspired by Ruby\'s [commander](https://github.com/visionmedia/commander).\n\n [![Build Status](https://secure.travis-ci.org/visionmedia/commander.js.png)](http://travis-ci.org/visionmedia/commander.js)\n\n## Installation\n\n    $ npm install commander\n\n## Option parsing\n\n Options with commander are defined with the `.option()` method, also serving as documentation for the options. The example below parses args and options from `process.argv`, leaving remaining args as the `program.args` array which were not consumed by options.\n\n```js\n#!/usr/bin/env node\n\n/**\n * Module dependencies.\n */\n\nvar program = require(\'commander\');\n\nprogram\n  .version(\'0.0.1\')\n  .option(\'-p, --peppers\', \'Add peppers\')\n  .option(\'-P, --pineapple\', \'Add pineapple\')\n  .option(\'-b, --bbq\', \'Add bbq sauce\')\n  .option(\'-c, --cheese [type]\', \'Add the specified type of cheese [marble]\', \'marble\')\n  .parse(process.argv);\n\nconsole.log(\'you ordered a pizza with:\');\nif (program.peppers) console.log(\'  - peppers\');\nif (program.pineapple) console.log(\'  - pineappe\');\nif (program.bbq) console.log(\'  - bbq\');\nconsole.log(\'  - %s cheese\', program.cheese);\n```\n\n Short flags may be passed as a single arg, for example `-abc` is equivalent to `-a -b -c`. Multi-word options such as "--template-engine" are camel-cased, becoming `program.templateEngine` etc.\n\n## Automated --help\n\n The help information is auto-generated based on the information commander already knows about your program, so the following `--help` info is for free:\n\n```  \n $ ./examples/pizza --help\n\n   Usage: pizza [options]\n\n   Options:\n\n     -V, --version        output the version number\n     -p, --peppers        Add peppers\n     -P, --pineapple      Add pineappe\n     -b, --bbq            Add bbq sauce\n     -c, --cheese <type>  Add the specified type of cheese [marble]\n     -h, --help           output usage information\n\n```\n\n## Coercion\n\n```js\nfunction range(val) {\n  return val.split(\'..\').map(Number);\n}\n\nfunction list(val) {\n  return val.split(\',\');\n}\n\nprogram\n  .version(\'0.0.1\')\n  .usage(\'[options] <file ...>\')\n  .option(\'-i, --integer <n>\', \'An integer argument\', parseInt)\n  .option(\'-f, --float <n>\', \'A float argument\', parseFloat)\n  .option(\'-r, --range <a>..<b>\', \'A range\', range)\n  .option(\'-l, --list <items>\', \'A list\', list)\n  .option(\'-o, --optional [value]\', \'An optional value\')\n  .parse(process.argv);\n\nconsole.log(\' int: %j\', program.integer);\nconsole.log(\' float: %j\', program.float);\nconsole.log(\' optional: %j\', program.optional);\nprogram.range = program.range || [];\nconsole.log(\' range: %j..%j\', program.range[0], program.range[1]);\nconsole.log(\' list: %j\', program.list);\nconsole.log(\' args: %j\', program.args);\n```\n\n## Custom help\n\n You can display arbitrary `-h, --help` information\n by listening for "--help". Commander will automatically\n exit once you are done so that the remainder of your program\n does not execute causing undesired behaviours, for example\n in the following executable "stuff" will not output when\n `--help` is used.\n\n```js\n#!/usr/bin/env node\n\n/**\n * Module dependencies.\n */\n\nvar program = require(\'../\');\n\nfunction list(val) {\n  return val.split(\',\').map(Number);\n}\n\nprogram\n  .version(\'0.0.1\')\n  .option(\'-f, --foo\', \'enable some foo\')\n  .option(\'-b, --bar\', \'enable some bar\')\n  .option(\'-B, --baz\', \'enable some baz\');\n\n// must be before .parse() since\n// node\'s emit() is immediate\n\nprogram.on(\'--help\', function(){\n  console.log(\'  Examples:\');\n  console.log(\'\');\n  console.log(\'    $ custom-help --help\');\n  console.log(\'    $ custom-help -h\');\n  console.log(\'\');\n});\n\nprogram.parse(process.argv);\n\nconsole.log(\'stuff\');\n```\n\nyielding the following help output:\n\n```\n\nUsage: custom-help [options]\n\nOptions:\n\n  -h, --help     output usage information\n  -V, --version  output the version number\n  -f, --foo      enable some foo\n  -b, --bar      enable some bar\n  -B, --baz      enable some baz\n\nExamples:\n\n  $ custom-help --help\n  $ custom-help -h\n\n```\n\n## .prompt(msg, fn)\n\n Single-line prompt:\n\n```js\nprogram.prompt(\'name: \', function(name){\n  console.log(\'hi %s\', name);\n});\n```\n\n Multi-line prompt:\n\n```js\nprogram.prompt(\'description:\', function(name){\n  console.log(\'hi %s\', name);\n});\n```\n\n Coercion:\n\n```js\nprogram.prompt(\'Age: \', Number, function(age){\n  console.log(\'age: %j\', age);\n});\n```\n\n```js\nprogram.prompt(\'Birthdate: \', Date, function(date){\n  console.log(\'date: %s\', date);\n});\n```\n\n## .password(msg[, mask], fn)\n\nPrompt for password without echoing:\n\n```js\nprogram.password(\'Password: \', function(pass){\n  console.log(\'got "%s"\', pass);\n  process.stdin.destroy();\n});\n```\n\nPrompt for password with mask char "*":\n\n```js\nprogram.password(\'Password: \', \'*\', function(pass){\n  console.log(\'got "%s"\', pass);\n  process.stdin.destroy();\n});\n```\n\n## .confirm(msg, fn)\n\n Confirm with the given `msg`:\n\n```js\nprogram.confirm(\'continue? \', function(ok){\n  console.log(\' got %j\', ok);\n});\n```\n\n## .choose(list, fn)\n\n Let the user choose from a `list`:\n\n```js\nvar list = [\'tobi\', \'loki\', \'jane\', \'manny\', \'luna\'];\n\nconsole.log(\'Choose the coolest pet:\');\nprogram.choose(list, function(i){\n  console.log(\'you chose %d "%s"\', i, list[i]);\n});\n```\n\n## Links\n\n - [API documentation](http://visionmedia.github.com/commander.js/)\n - [ascii tables](https://github.com/LearnBoost/cli-table)\n - [progress bars](https://github.com/visionmedia/node-progress)\n - [more progress bars](https://github.com/substack/node-multimeter)\n - [examples](https://github.com/visionmedia/commander.js/tree/master/examples)\n\n## License \n\n(The MIT License)\n\nCopyright (c) 2011 TJ Holowaychuk &lt;tj@vision-media.ca&gt;\n\nPermission is hereby granted, free of charge, to any person obtaining\na copy of this software and associated documentation files (the\n\'Software\'), to deal in the Software without restriction, including\nwithout limitation the rights to use, copy, modify, merge, publish,\ndistribute, sublicense, and/or sell copies of the Software, and to\npermit persons to whom the Software is furnished to do so, subject to\nthe following conditions:\n\nThe above copyright notice and this permission notice shall be\nincluded in all copies or substantial portions of the Software.\n\nTHE SOFTWARE IS PROVIDED \'AS IS\', WITHOUT WARRANTY OF ANY KIND,\nEXPRESS OR IMPLIED, INCLUDING BUT NOT LIMITED TO THE WARRANTIES OF\nMERCHANTABILITY, FITNESS FOR A PARTICULAR PURPOSE AND NONINFRINGEMENT.\nIN NO EVENT SHALL THE AUTHORS OR COPYRIGHT HOLDERS BE LIABLE FOR ANY\nCLAIM, DAMAGES OR OTHER LIABILITY, WHETHER IN AN ACTION OF CONTRACT,\nTORT OR OTHERWISE, ARISING FROM, OUT OF OR IN CONNECTION WITH THE\nSOFTWARE OR THE USE OR OTHER DEALINGS IN THE SOFTWARE.',
465 silly resolved     readmeFilename: 'Readme.md',
465 silly resolved     bugs: { url: 'https://github.com/visionmedia/commander.js/issues' },
465 silly resolved     homepage: 'https://github.com/visionmedia/commander.js',
465 silly resolved     _id: 'commander@0.6.1',
465 silly resolved     _from: 'commander@>=0.6.1 <0.7.0' },
465 silly resolved   { author:
465 silly resolved      { name: 'Einar Otto Stangvik',
465 silly resolved        email: 'einaros@gmail.com',
465 silly resolved        url: 'http://2x.io' },
465 silly resolved     name: 'tinycolor',
465 silly resolved     description: 'a to-the-point color module for node',
465 silly resolved     version: '0.0.1',
465 silly resolved     repository: { type: 'git', url: 'git://github.com/einaros/tinycolor.git' },
465 silly resolved     engines: { node: '>=0.4.0' },
465 silly resolved     dependencies: {},
465 silly resolved     devDependencies: {},
465 silly resolved     main: 'tinycolor',
465 silly resolved     readme: '# tinycolor #\n\nThis is a no-fuzz, barebone, zero muppetry color module for node.js.',
465 silly resolved     readmeFilename: 'README.md',
465 silly resolved     bugs: { url: 'https://github.com/einaros/tinycolor/issues' },
465 silly resolved     homepage: 'https://github.com/einaros/tinycolor',
465 silly resolved     _id: 'tinycolor@0.0.1',
465 silly resolved     _from: 'tinycolor@>=0.0.0 <1.0.0',
465 silly resolved     scripts: {} },
465 silly resolved   { author:
465 silly resolved      { name: 'Einar Otto Stangvik',
465 silly resolved        email: 'einaros@gmail.com',
465 silly resolved        url: 'http://2x.io' },
465 silly resolved     name: 'options',
465 silly resolved     description: 'A very light-weight in-code option parsers for node.js.',
465 silly resolved     version: '0.0.6',
465 silly resolved     repository: { type: 'git', url: 'git://github.com/einaros/options.js.git' },
465 silly resolved     main: 'lib/options',
465 silly resolved     scripts: { test: 'make test' },
465 silly resolved     engines: { node: '>=0.4.0' },
465 silly resolved     dependencies: {},
465 silly resolved     devDependencies: { mocha: 'latest' },
465 silly resolved     gitHead: 'ff53d0a092c897cb95964232a96fe17da65c11af',
465 silly resolved     bugs: { url: 'https://github.com/einaros/options.js/issues' },
465 silly resolved     homepage: 'https://github.com/einaros/options.js',
465 silly resolved     _id: 'options@0.0.6',
465 silly resolved     _shasum: 'ec22d312806bb53e731773e7cdaefcf1c643128f',
465 silly resolved     _from: 'options@latest',
465 silly resolved     _npmVersion: '1.4.21',
465 silly resolved     _npmUser: { name: 'einaros', email: 'einaros@gmail.com' },
465 silly resolved     maintainers: [ [Object] ],
465 silly resolved     dist:
465 silly resolved      { shasum: 'ec22d312806bb53e731773e7cdaefcf1c643128f',
465 silly resolved        tarball: 'http://registry.npmjs.org/options/-/options-0.0.6.tgz' },
465 silly resolved     directories: {},
465 silly resolved     _resolved: 'https://registry.npmjs.org/options/-/options-0.0.6.tgz' } ]
466 info install commander@0.6.1 into /Users/cultofmetatron/.nvm/v0.10.31/lib/node_modules/livereload/node_modules/websocket.io/node_modules/ws
467 info install tinycolor@0.0.1 into /Users/cultofmetatron/.nvm/v0.10.31/lib/node_modules/livereload/node_modules/websocket.io/node_modules/ws
468 info install options@0.0.6 into /Users/cultofmetatron/.nvm/v0.10.31/lib/node_modules/livereload/node_modules/websocket.io/node_modules/ws
469 info installOne commander@0.6.1
470 info installOne tinycolor@0.0.1
471 info installOne options@0.0.6
472 verbose lib/node_modules/livereload/node_modules/websocket.io/node_modules/ws/node_modules/commander unbuild
473 verbose lib/node_modules/livereload/node_modules/websocket.io/node_modules/ws/node_modules/tinycolor unbuild
474 verbose gentlyRm vacuuming /Users/cultofmetatron/.nvm/v0.10.31/lib/node_modules/livereload/node_modules/websocket.io/node_modules/ws/node_modules/commander
475 verbose gentlyRm vacuuming /Users/cultofmetatron/.nvm/v0.10.31/lib/node_modules/livereload/node_modules/websocket.io/node_modules/ws/node_modules/tinycolor
476 verbose tar unpack /Users/cultofmetatron/.npm/commander/0.6.1/package.tgz
477 silly lockFile 577fcb17-odules-ws-node-modules-commander tar:///Users/cultofmetatron/.nvm/v0.10.31/lib/node_modules/livereload/node_modules/websocket.io/node_modules/ws/node_modules/commander
478 verbose lock tar:///Users/cultofmetatron/.nvm/v0.10.31/lib/node_modules/livereload/node_modules/websocket.io/node_modules/ws/node_modules/commander /Users/cultofmetatron/.npm/577fcb17-odules-ws-node-modules-commander.lock
479 silly lockFile e5f3191b--npm-commander-0-6-1-package-tgz tar:///Users/cultofmetatron/.npm/commander/0.6.1/package.tgz
480 verbose lock tar:///Users/cultofmetatron/.npm/commander/0.6.1/package.tgz /Users/cultofmetatron/.npm/e5f3191b--npm-commander-0-6-1-package-tgz.lock
481 verbose tar unpack /Users/cultofmetatron/.npm/tinycolor/0.0.1/package.tgz
482 silly lockFile 90fa7901-odules-ws-node-modules-tinycolor tar:///Users/cultofmetatron/.nvm/v0.10.31/lib/node_modules/livereload/node_modules/websocket.io/node_modules/ws/node_modules/tinycolor
483 verbose lock tar:///Users/cultofmetatron/.nvm/v0.10.31/lib/node_modules/livereload/node_modules/websocket.io/node_modules/ws/node_modules/tinycolor /Users/cultofmetatron/.npm/90fa7901-odules-ws-node-modules-tinycolor.lock
484 silly lockFile b9b152a3--npm-tinycolor-0-0-1-package-tgz tar:///Users/cultofmetatron/.npm/tinycolor/0.0.1/package.tgz
485 verbose lock tar:///Users/cultofmetatron/.npm/tinycolor/0.0.1/package.tgz /Users/cultofmetatron/.npm/b9b152a3--npm-tinycolor-0-0-1-package-tgz.lock
486 verbose gentlyRm vacuuming /Users/cultofmetatron/.nvm/v0.10.31/lib/node_modules/livereload/node_modules/websocket.io/node_modules/ws/node_modules/commander
487 verbose lib/node_modules/livereload/node_modules/websocket.io/node_modules/ws/node_modules/options unbuild
488 verbose gentlyRm vacuuming /Users/cultofmetatron/.nvm/v0.10.31/lib/node_modules/livereload/node_modules/websocket.io/node_modules/ws/node_modules/tinycolor
489 silly gunzTarPerm modes [ '755', '644' ]
490 silly gunzTarPerm modes [ '755', '644' ]
491 verbose gentlyRm vacuuming /Users/cultofmetatron/.nvm/v0.10.31/lib/node_modules/livereload/node_modules/websocket.io/node_modules/ws/node_modules/options
492 verbose tar unpack /Users/cultofmetatron/.npm/options/0.0.6/package.tgz
493 silly lockFile 4dbd3551--modules-ws-node-modules-options tar:///Users/cultofmetatron/.nvm/v0.10.31/lib/node_modules/livereload/node_modules/websocket.io/node_modules/ws/node_modules/options
494 verbose lock tar:///Users/cultofmetatron/.nvm/v0.10.31/lib/node_modules/livereload/node_modules/websocket.io/node_modules/ws/node_modules/options /Users/cultofmetatron/.npm/4dbd3551--modules-ws-node-modules-options.lock
495 silly lockFile a78774cc-on-npm-options-0-0-6-package-tgz tar:///Users/cultofmetatron/.npm/options/0.0.6/package.tgz
496 verbose lock tar:///Users/cultofmetatron/.npm/options/0.0.6/package.tgz /Users/cultofmetatron/.npm/a78774cc-on-npm-options-0-0-6-package-tgz.lock
497 verbose gentlyRm vacuuming /Users/cultofmetatron/.nvm/v0.10.31/lib/node_modules/livereload/node_modules/websocket.io/node_modules/ws/node_modules/options
498 silly gunzTarPerm modes [ '755', '644' ]
499 silly gunzTarPerm extractEntry package.json
500 silly gunzTarPerm extractEntry .npmignore
501 silly gunzTarPerm extractEntry index.js
502 silly gunzTarPerm extractEntry .travis.yml
503 silly gunzTarPerm extractEntry History.md
504 silly gunzTarPerm extractEntry package.json
505 silly gunzTarPerm extractEntry package.json
506 silly gunzTarPerm extractEntry .npmignore
507 silly gunzTarPerm extractEntry README.md
508 silly gunzTarPerm extractEntry Makefile
509 silly gunzTarPerm extractEntry Readme.md
510 silly gunzTarPerm extractEntry .npmignore
511 silly gunzTarPerm extractEntry README.md
512 silly gunzTarPerm extractEntry example.js
513 silly gunzTarPerm extractEntry tinycolor.js
514 silly gunzTarPerm extractEntry lib/commander.js
515 silly gunzTarPerm extractEntry Makefile
516 silly gunzTarPerm extractEntry lib/options.js
517 silly lockFile 90fa7901-odules-ws-node-modules-tinycolor tar:///Users/cultofmetatron/.nvm/v0.10.31/lib/node_modules/livereload/node_modules/websocket.io/node_modules/ws/node_modules/tinycolor
518 silly lockFile 90fa7901-odules-ws-node-modules-tinycolor tar:///Users/cultofmetatron/.nvm/v0.10.31/lib/node_modules/livereload/node_modules/websocket.io/node_modules/ws/node_modules/tinycolor
519 silly lockFile b9b152a3--npm-tinycolor-0-0-1-package-tgz tar:///Users/cultofmetatron/.npm/tinycolor/0.0.1/package.tgz
520 silly lockFile b9b152a3--npm-tinycolor-0-0-1-package-tgz tar:///Users/cultofmetatron/.npm/tinycolor/0.0.1/package.tgz
521 info preinstall tinycolor@0.0.1
522 verbose readDependencies using package.json deps
523 silly lockFile 4dbd3551--modules-ws-node-modules-options tar:///Users/cultofmetatron/.nvm/v0.10.31/lib/node_modules/livereload/node_modules/websocket.io/node_modules/ws/node_modules/options
524 silly lockFile 4dbd3551--modules-ws-node-modules-options tar:///Users/cultofmetatron/.nvm/v0.10.31/lib/node_modules/livereload/node_modules/websocket.io/node_modules/ws/node_modules/options
525 verbose readDependencies using package.json deps
526 silly resolved []
527 verbose about to build /Users/cultofmetatron/.nvm/v0.10.31/lib/node_modules/livereload/node_modules/websocket.io/node_modules/ws/node_modules/tinycolor
528 info build /Users/cultofmetatron/.nvm/v0.10.31/lib/node_modules/livereload/node_modules/websocket.io/node_modules/ws/node_modules/tinycolor
529 verbose linkStuff [ true,
529 verbose linkStuff   '/Users/cultofmetatron/.nvm/v0.10.31/lib/node_modules',
529 verbose linkStuff   false,
529 verbose linkStuff   '/Users/cultofmetatron/.nvm/v0.10.31/lib/node_modules/livereload/node_modules/websocket.io/node_modules/ws/node_modules' ]
530 info linkStuff tinycolor@0.0.1
531 verbose linkBins tinycolor@0.0.1
532 verbose linkMans tinycolor@0.0.1
533 verbose rebuildBundles tinycolor@0.0.1
534 silly lockFile a78774cc-on-npm-options-0-0-6-package-tgz tar:///Users/cultofmetatron/.npm/options/0.0.6/package.tgz
535 silly lockFile a78774cc-on-npm-options-0-0-6-package-tgz tar:///Users/cultofmetatron/.npm/options/0.0.6/package.tgz
536 info install tinycolor@0.0.1
537 info postinstall tinycolor@0.0.1
538 info preinstall options@0.0.6
539 verbose readDependencies using package.json deps
540 verbose readDependencies using package.json deps
541 silly resolved []
542 verbose about to build /Users/cultofmetatron/.nvm/v0.10.31/lib/node_modules/livereload/node_modules/websocket.io/node_modules/ws/node_modules/options
543 info build /Users/cultofmetatron/.nvm/v0.10.31/lib/node_modules/livereload/node_modules/websocket.io/node_modules/ws/node_modules/options
544 verbose linkStuff [ true,
544 verbose linkStuff   '/Users/cultofmetatron/.nvm/v0.10.31/lib/node_modules',
544 verbose linkStuff   false,
544 verbose linkStuff   '/Users/cultofmetatron/.nvm/v0.10.31/lib/node_modules/livereload/node_modules/websocket.io/node_modules/ws/node_modules' ]
545 info linkStuff options@0.0.6
546 verbose linkBins options@0.0.6
547 verbose linkMans options@0.0.6
548 verbose rebuildBundles options@0.0.6
549 info install options@0.0.6
550 info postinstall options@0.0.6
551 silly lockFile 577fcb17-odules-ws-node-modules-commander tar:///Users/cultofmetatron/.nvm/v0.10.31/lib/node_modules/livereload/node_modules/websocket.io/node_modules/ws/node_modules/commander
552 silly lockFile 577fcb17-odules-ws-node-modules-commander tar:///Users/cultofmetatron/.nvm/v0.10.31/lib/node_modules/livereload/node_modules/websocket.io/node_modules/ws/node_modules/commander
553 silly lockFile e5f3191b--npm-commander-0-6-1-package-tgz tar:///Users/cultofmetatron/.npm/commander/0.6.1/package.tgz
554 silly lockFile e5f3191b--npm-commander-0-6-1-package-tgz tar:///Users/cultofmetatron/.npm/commander/0.6.1/package.tgz
555 info preinstall commander@0.6.1
556 verbose readDependencies using package.json deps
557 verbose readDependencies using package.json deps
558 silly resolved []
559 verbose about to build /Users/cultofmetatron/.nvm/v0.10.31/lib/node_modules/livereload/node_modules/websocket.io/node_modules/ws/node_modules/commander
560 info build /Users/cultofmetatron/.nvm/v0.10.31/lib/node_modules/livereload/node_modules/websocket.io/node_modules/ws/node_modules/commander
561 verbose linkStuff [ true,
561 verbose linkStuff   '/Users/cultofmetatron/.nvm/v0.10.31/lib/node_modules',
561 verbose linkStuff   false,
561 verbose linkStuff   '/Users/cultofmetatron/.nvm/v0.10.31/lib/node_modules/livereload/node_modules/websocket.io/node_modules/ws/node_modules' ]
562 info linkStuff commander@0.6.1
563 verbose linkBins commander@0.6.1
564 verbose linkMans commander@0.6.1
565 verbose rebuildBundles commander@0.6.1
566 info install commander@0.6.1
567 info postinstall commander@0.6.1
568 verbose about to build /Users/cultofmetatron/.nvm/v0.10.31/lib/node_modules/livereload/node_modules/websocket.io/node_modules/ws
569 info build /Users/cultofmetatron/.nvm/v0.10.31/lib/node_modules/livereload/node_modules/websocket.io/node_modules/ws
570 verbose linkStuff [ true,
570 verbose linkStuff   '/Users/cultofmetatron/.nvm/v0.10.31/lib/node_modules',
570 verbose linkStuff   false,
570 verbose linkStuff   '/Users/cultofmetatron/.nvm/v0.10.31/lib/node_modules/livereload/node_modules/websocket.io/node_modules' ]
571 info linkStuff ws@0.4.20
572 verbose linkBins ws@0.4.20
573 verbose link bins [ { wscat: './bin/wscat' },
573 verbose link bins   '/Users/cultofmetatron/.nvm/v0.10.31/lib/node_modules/livereload/node_modules/websocket.io/node_modules/.bin',
573 verbose link bins   false ]
574 verbose linkMans ws@0.4.20
575 verbose rebuildBundles ws@0.4.20
576 verbose rebuildBundles [ 'commander', 'options', 'tinycolor' ]
577 verbose gentlyRm vacuuming /Users/cultofmetatron/.nvm/v0.10.31/lib/node_modules/livereload/node_modules/websocket.io/node_modules/.bin/wscat
578 info install ws@0.4.20
579 verbose unsafe-perm in lifecycle true
580 info postinstall ws@0.4.20
581 verbose about to build /Users/cultofmetatron/.nvm/v0.10.31/lib/node_modules/livereload/node_modules/websocket.io
582 info build /Users/cultofmetatron/.nvm/v0.10.31/lib/node_modules/livereload/node_modules/websocket.io
583 verbose linkStuff [ true,
583 verbose linkStuff   '/Users/cultofmetatron/.nvm/v0.10.31/lib/node_modules',
583 verbose linkStuff   false,
583 verbose linkStuff   '/Users/cultofmetatron/.nvm/v0.10.31/lib/node_modules/livereload/node_modules' ]
584 info linkStuff websocket.io@0.2.1
585 verbose linkBins websocket.io@0.2.1
586 verbose linkMans websocket.io@0.2.1
587 verbose rebuildBundles websocket.io@0.2.1
588 verbose rebuildBundles [ '.bin', 'debug', 'ws' ]
589 info install websocket.io@0.2.1
590 info postinstall websocket.io@0.2.1
591 verbose about to build /Users/cultofmetatron/.nvm/v0.10.31/lib/node_modules/livereload
592 info build /Users/cultofmetatron/.nvm/v0.10.31/lib/node_modules/livereload
593 verbose linkStuff [ true,
593 verbose linkStuff   '/Users/cultofmetatron/.nvm/v0.10.31/lib/node_modules',
593 verbose linkStuff   true,
593 verbose linkStuff   '/Users/cultofmetatron/.nvm/v0.10.31/lib/node_modules' ]
594 info linkStuff livereload@0.3.4
595 verbose linkBins livereload@0.3.4
596 verbose link bins [ { livereload: './bin/livereload.js' },
596 verbose link bins   '/Users/cultofmetatron/.nvm/v0.10.31/bin',
596 verbose link bins   true ]
597 verbose linkMans livereload@0.3.4
598 verbose rebuildBundles livereload@0.3.4
599 verbose rebuildBundles [ 'opts', 'websocket.io' ]
600 verbose gentlyRm verifying that /Users/cultofmetatron/.nvm/v0.10.31/lib/node_modules/livereload is managed by npm
601 silly cacheAndTest /Users/cultofmetatron/.nvm/v0.10.31/lib/node_modules/livereload is inside /Users/cultofmetatron/.nvm/v0.10.31/lib/node_modules
602 silly gentlyRm /Users/cultofmetatron/.nvm/v0.10.31/lib/node_modules/livereload is managed by npm
603 silly gentlyRm /Users/cultofmetatron/.nvm/v0.10.31/bin/livereload is not under /Users/cultofmetatron/.nvm/v0.10.31/lib/node_modules/livereload
604 silly gentlyRm checking to see if /Users/cultofmetatron/.nvm/v0.10.31/bin/livereload is a link
605 info install livereload@0.3.4
606 info postinstall livereload@0.3.4
607 warn unmet dependency /Users/cultofmetatron/.nvm/v0.10.31/lib/node_modules/docpad/node_modules/bal-util requires taskgroup@'~3.3.0' but will load
607 warn unmet dependency /Users/cultofmetatron/.nvm/v0.10.31/lib/node_modules/docpad/node_modules/taskgroup,
607 warn unmet dependency which is version 4.0.5
608 verbose stack Error: The package npmconf does not satisfy its siblings' peerDependencies requirements!
608 verbose stack     at /Users/cultofmetatron/.nvm/v0.10.31/lib/node_modules/npm/lib/install.js:98:32
608 verbose stack     at /Users/cultofmetatron/.nvm/v0.10.31/lib/node_modules/npm/lib/install.js:202:5
608 verbose stack     at /Users/cultofmetatron/.nvm/v0.10.31/lib/node_modules/npm/node_modules/read-installed/read-installed.js:138:5
608 verbose stack     at /Users/cultofmetatron/.nvm/v0.10.31/lib/node_modules/npm/node_modules/read-installed/read-installed.js:251:14
608 verbose stack     at cb (/Users/cultofmetatron/.nvm/v0.10.31/lib/node_modules/npm/node_modules/slide/lib/async-map.js:47:24)
608 verbose stack     at /Users/cultofmetatron/.nvm/v0.10.31/lib/node_modules/npm/node_modules/read-installed/read-installed.js:251:14
608 verbose stack     at cb (/Users/cultofmetatron/.nvm/v0.10.31/lib/node_modules/npm/node_modules/slide/lib/async-map.js:47:24)
608 verbose stack     at /Users/cultofmetatron/.nvm/v0.10.31/lib/node_modules/npm/node_modules/read-installed/read-installed.js:251:14
608 verbose stack     at cb (/Users/cultofmetatron/.nvm/v0.10.31/lib/node_modules/npm/node_modules/slide/lib/async-map.js:47:24)
608 verbose stack     at /Users/cultofmetatron/.nvm/v0.10.31/lib/node_modules/npm/node_modules/read-installed/read-installed.js:251:14
609 verbose cwd /Users/cultofmetatron/projects/hackerhousing/frontend
610 error Darwin 13.4.0
611 error argv "node" "/Users/cultofmetatron/.nvm/v0.10.31/bin/npm" "install" "-g" "livereload"
612 error node v0.10.31
613 error npm  v2.0.0
614 error code EPEERINVALID
615 error peerinvalid The package npmconf does not satisfy its siblings' peerDependencies requirements!
615 error peerinvalid Peer npm-registry-client@3.2.2 wants npmconf@^2.1.0
616 verbose exit [ 1, true ]
